[2022-10-04T19:40:13.861+0000] {taskinstance.py:1165} INFO - Dependencies all met for <TaskInstance: constrular.prep scheduled__2022-09-21T00:00:00+00:00 [queued]>
[2022-10-04T19:40:13.869+0000] {taskinstance.py:1165} INFO - Dependencies all met for <TaskInstance: constrular.prep scheduled__2022-09-21T00:00:00+00:00 [queued]>
[2022-10-04T19:40:13.870+0000] {taskinstance.py:1362} INFO - 
--------------------------------------------------------------------------------
[2022-10-04T19:40:13.870+0000] {taskinstance.py:1363} INFO - Starting attempt 2 of 2
[2022-10-04T19:40:13.871+0000] {taskinstance.py:1364} INFO - 
--------------------------------------------------------------------------------
[2022-10-04T19:40:13.887+0000] {taskinstance.py:1383} INFO - Executing <Task(PythonOperator): prep> on 2022-09-21 00:00:00+00:00
[2022-10-04T19:40:13.892+0000] {standard_task_runner.py:54} INFO - Started process 1157 to run task
[2022-10-04T19:40:13.894+0000] {standard_task_runner.py:82} INFO - Running: ['***', 'tasks', 'run', 'constrular', 'prep', 'scheduled__2022-09-21T00:00:00+00:00', '--job-id', '412', '--raw', '--subdir', 'DAGS_FOLDER/dag.py', '--cfg-path', '/tmp/tmpranhzdmq']
[2022-10-04T19:40:13.894+0000] {standard_task_runner.py:83} INFO - Job 412: Subtask prep
[2022-10-04T19:40:13.895+0000] {dagbag.py:525} INFO - Filling up the DagBag from /opt/***/dags/dag.py
[2022-10-04T19:40:14.286+0000] {task_command.py:384} INFO - Running <TaskInstance: constrular.prep scheduled__2022-09-21T00:00:00+00:00 [running]> on host 9a36b0424536
[2022-10-04T19:40:14.434+0000] {taskinstance.py:1592} INFO - Exporting the following env vars:
AIRFLOW_CTX_DAG_OWNER=***
AIRFLOW_CTX_DAG_ID=constrular
AIRFLOW_CTX_TASK_ID=prep
AIRFLOW_CTX_EXECUTION_DATE=2022-09-21T00:00:00+00:00
AIRFLOW_CTX_TRY_NUMBER=2
AIRFLOW_CTX_DAG_RUN_ID=scheduled__2022-09-21T00:00:00+00:00
[2022-10-04T19:40:14.435+0000] {tasks.py:109} INFO - Reading the last request file for day 04/10/2022
[2022-10-04T19:40:14.441+0000] {taskinstance.py:1851} ERROR - Task failed with exception
Traceback (most recent call last):
  File "/home/airflow/.local/lib/python3.7/site-packages/airflow/operators/python.py", line 175, in execute
    return_value = self.execute_callable()
  File "/home/airflow/.local/lib/python3.7/site-packages/airflow/operators/python.py", line 193, in execute_callable
    return self.python_callable(*self.op_args, **self.op_kwargs)
  File "/opt/airflow/dags/tasks.py", line 123, in prep
    keep_default_na=False,
  File "/home/airflow/.local/lib/python3.7/site-packages/pandas/util/_decorators.py", line 311, in wrapper
    return func(*args, **kwargs)
  File "/home/airflow/.local/lib/python3.7/site-packages/pandas/io/parsers/readers.py", line 586, in read_csv
    return _read(filepath_or_buffer, kwds)
  File "/home/airflow/.local/lib/python3.7/site-packages/pandas/io/parsers/readers.py", line 488, in _read
    return parser.read(nrows)
  File "/home/airflow/.local/lib/python3.7/site-packages/pandas/io/parsers/readers.py", line 1047, in read
    index, columns, col_dict = self._engine.read(nrows)
  File "/home/airflow/.local/lib/python3.7/site-packages/pandas/io/parsers/c_parser_wrapper.py", line 224, in read
    chunks = self._reader.read_low_memory(nrows)
  File "pandas/_libs/parsers.pyx", line 801, in pandas._libs.parsers.TextReader.read_low_memory
  File "pandas/_libs/parsers.pyx", line 857, in pandas._libs.parsers.TextReader._read_rows
  File "pandas/_libs/parsers.pyx", line 843, in pandas._libs.parsers.TextReader._tokenize_rows
  File "pandas/_libs/parsers.pyx", line 1925, in pandas._libs.parsers.raise_parser_error
pandas.errors.ParserError: Error tokenizing data. C error: Expected 3 fields in line 4, saw 6

[2022-10-04T19:40:14.452+0000] {taskinstance.py:1406} INFO - Marking task as FAILED. dag_id=constrular, task_id=prep, execution_date=20220921T000000, start_date=20221004T194013, end_date=20221004T194014
[2022-10-04T19:40:14.467+0000] {standard_task_runner.py:107} ERROR - Failed to execute job 412 for task prep (Error tokenizing data. C error: Expected 3 fields in line 4, saw 6
; 1157)
[2022-10-04T19:40:14.508+0000] {local_task_job.py:164} INFO - Task exited with return code 1
[2022-10-04T19:40:14.535+0000] {local_task_job.py:273} INFO - 0 downstream tasks scheduled from follow-on schedule check
